[    3572ms] [WARNING] AdSense head tag doesn't support data-nscript attribute. @ https://pagead2.googlesyndication.com/pagead/js/adsbygoogle.js?client=ca-pub-6211634654672867:218
[    5821ms] [WARNING] The resource https://www.largemi.com/favicon.svg was preloaded using link preload but not used within a few seconds from the window's load event. Please make sure it has an appropriate `as` value and it is preloaded intentionally. @ https://www.largemi.com/en/submit-tool:0
[    6898ms] [ERROR] Attestation check for Shared Storage on https://www.googleadservices.com failed. @ https://www.googleadservices.com/pagead/managed/js/activeview/current/reach_worklet.html:0
[   10780ms] [WARNING] The resource https://www.largemi.com/favicon.svg was preloaded using link preload but not used within a few seconds from the window's load event. Please make sure it has an appropriate `as` value and it is preloaded intentionally. @ https://www.largemi.com/en/submit-tool:0
[   33224ms] [WARNING] The resource https://www.largemi.com/favicon.svg was preloaded using link preload but not used within a few seconds from the window's load event. Please make sure it has an appropriate `as` value and it is preloaded intentionally. @ https://www.largemi.com/en/submit-tool:0
[   94329ms] [WARNING] The resource https://www.largemi.com/favicon.svg was preloaded using link preload but not used within a few seconds from the window's load event. Please make sure it has an appropriate `as` value and it is preloaded intentionally. @ https://www.largemi.com/en/submit-tool:0
[  104501ms] [WARNING] The resource https://www.largemi.com/favicon.svg was preloaded using link preload but not used within a few seconds from the window's load event. Please make sure it has an appropriate `as` value and it is preloaded intentionally. @ https://www.largemi.com/en/submit-tool:0
[  115158ms] [WARNING] The resource https://www.largemi.com/favicon.svg was preloaded using link preload but not used within a few seconds from the window's load event. Please make sure it has an appropriate `as` value and it is preloaded intentionally. @ https://www.largemi.com/en/submit-tool:0
[  123595ms] [WARNING] The resource https://www.largemi.com/favicon.svg was preloaded using link preload but not used within a few seconds from the window's load event. Please make sure it has an appropriate `as` value and it is preloaded intentionally. @ https://www.largemi.com/en/submit-tool:0
[  137372ms] [WARNING] The resource https://www.largemi.com/favicon.svg was preloaded using link preload but not used within a few seconds from the window's load event. Please make sure it has an appropriate `as` value and it is preloaded intentionally. @ https://www.largemi.com/en/submit-tool:0
[  140667ms] [WARNING] The resource https://www.largemi.com/favicon.svg was preloaded using link preload but not used within a few seconds from the window's load event. Please make sure it has an appropriate `as` value and it is preloaded intentionally. @ https://www.largemi.com/en/submit-tool:0
[  167543ms] [WARNING] The resource https://www.largemi.com/favicon.svg was preloaded using link preload but not used within a few seconds from the window's load event. Please make sure it has an appropriate `as` value and it is preloaded intentionally. @ https://www.largemi.com/en/submit-tool:0
[  176784ms] [WARNING] The resource https://www.largemi.com/favicon.svg was preloaded using link preload but not used within a few seconds from the window's load event. Please make sure it has an appropriate `as` value and it is preloaded intentionally. @ https://www.largemi.com/en/submit-tool:0
[  237692ms] [WARNING] The resource https://www.largemi.com/favicon.svg was preloaded using link preload but not used within a few seconds from the window's load event. Please make sure it has an appropriate `as` value and it is preloaded intentionally. @ https://www.largemi.com/en/submit-tool:0
[  298879ms] [WARNING] The resource https://www.largemi.com/favicon.svg was preloaded using link preload but not used within a few seconds from the window's load event. Please make sure it has an appropriate `as` value and it is preloaded intentionally. @ https://www.largemi.com/en/submit-tool:0
[  303737ms] [WARNING] The resource https://www.largemi.com/favicon.svg was preloaded using link preload but not used within a few seconds from the window's load event. Please make sure it has an appropriate `as` value and it is preloaded intentionally. @ https://www.largemi.com/en/submit-tool:0
[  315640ms] [WARNING] The resource https://www.largemi.com/favicon.svg was preloaded using link preload but not used within a few seconds from the window's load event. Please make sure it has an appropriate `as` value and it is preloaded intentionally. @ https://www.largemi.com/en/submit-tool:0
[  371787ms] [WARNING] The resource https://www.largemi.com/favicon.svg was preloaded using link preload but not used within a few seconds from the window's load event. Please make sure it has an appropriate `as` value and it is preloaded intentionally. @ https://www.largemi.com/en/submit-tool:0
[  376721ms] [WARNING] The resource https://www.largemi.com/favicon.svg was preloaded using link preload but not used within a few seconds from the window's load event. Please make sure it has an appropriate `as` value and it is preloaded intentionally. @ https://www.largemi.com/en/submit-tool:0
[  439778ms] [WARNING] The resource https://www.largemi.com/favicon.svg was preloaded using link preload but not used within a few seconds from the window's load event. Please make sure it has an appropriate `as` value and it is preloaded intentionally. @ https://www.largemi.com/en/submit-tool:0
[  454733ms] [WARNING] The resource https://www.largemi.com/favicon.svg was preloaded using link preload but not used within a few seconds from the window's load event. Please make sure it has an appropriate `as` value and it is preloaded intentionally. @ https://www.largemi.com/en/submit-tool:0
[  507891ms] [WARNING] The resource https://www.largemi.com/favicon.svg was preloaded using link preload but not used within a few seconds from the window's load event. Please make sure it has an appropriate `as` value and it is preloaded intentionally. @ https://www.largemi.com/en/submit-tool:0
[  515931ms] [WARNING] The resource https://www.largemi.com/favicon.svg was preloaded using link preload but not used within a few seconds from the window's load event. Please make sure it has an appropriate `as` value and it is preloaded intentionally. @ https://www.largemi.com/en/submit-tool:0
[  576937ms] [WARNING] The resource https://www.largemi.com/favicon.svg was preloaded using link preload but not used within a few seconds from the window's load event. Please make sure it has an appropriate `as` value and it is preloaded intentionally. @ https://www.largemi.com/en/submit-tool:0
[  638454ms] [WARNING] The resource https://www.largemi.com/favicon.svg was preloaded using link preload but not used within a few seconds from the window's load event. Please make sure it has an appropriate `as` value and it is preloaded intentionally. @ https://www.largemi.com/en/submit-tool:0
[  698755ms] [WARNING] The resource https://www.largemi.com/favicon.svg was preloaded using link preload but not used within a few seconds from the window's load event. Please make sure it has an appropriate `as` value and it is preloaded intentionally. @ https://www.largemi.com/en/submit-tool:0
[  739905ms] [WARNING] The resource https://www.largemi.com/favicon.svg was preloaded using link preload but not used within a few seconds from the window's load event. Please make sure it has an appropriate `as` value and it is preloaded intentionally. @ https://www.largemi.com/en/submit-tool:0
